2025-02-23 00:37:15.807 | INFO     | __main__:<module>:25 - Запуск бота...
2025-02-23 00:37:15.808 | INFO     | bot:setup_bot:15 - Инициализация бота...
2025-02-23 00:37:15.808 | INFO     | bot:setup_bot:17 - Хэндлеры зарегистрированы.
2025-02-23 00:37:15.809 | INFO     | scheduler:setup_scheduler:55 - Планировщик настроен.
2025-02-23 00:37:15.810 | INFO     | bot:on_startup:20 - Бот запущен.
2025-02-23 00:37:15.810 | ERROR    | __main__:main:20 - Ошибка при запуске бота: aiodns needs a SelectorEventLoop on Windows. See more: https://github.com/saghul/aiodns/issues/86
2025-02-23 00:37:15.810 | INFO     | bot:on_shutdown:24 - Бот остановлен.
2025-02-23 00:39:50.293 | INFO     | __main__:<module>:25 - Запуск бота...
2025-02-23 00:39:50.294 | INFO     | bot:setup_bot:19 - Инициализация бота...
2025-02-23 00:39:50.294 | INFO     | bot:setup_bot:21 - Хэндлеры зарегистрированы.
2025-02-23 00:39:50.295 | INFO     | scheduler:setup_scheduler:55 - Планировщик настроен.
2025-02-23 00:39:50.295 | INFO     | bot:on_startup:25 - Бот запущен.
2025-02-23 00:39:50.296 | ERROR    | __main__:main:20 - Ошибка при запуске бота: aiodns needs a SelectorEventLoop on Windows. See more: https://github.com/saghul/aiodns/issues/86
2025-02-23 00:39:50.296 | INFO     | bot:on_shutdown:30 - Бот остановлен.
2025-02-23 00:41:10.571 | INFO     | __main__:<module>:34 - Запуск бота...
2025-02-23 00:41:10.571 | INFO     | bot:setup_bot:19 - Инициализация бота...
2025-02-23 00:41:10.571 | INFO     | bot:setup_bot:21 - Хэндлеры зарегистрированы.
2025-02-23 00:41:10.572 | INFO     | scheduler:setup_scheduler:55 - Планировщик настроен.
2025-02-23 00:41:10.573 | INFO     | bot:on_startup:25 - Бот запущен.
2025-02-23 00:41:21.325 | INFO     | handlers:cmd_start:20 - Пользователь 413467341 запустил бота.
2025-02-23 00:41:26.652 | INFO     | handlers:cmd_quotes:28 - Пользователь 413467341 запросил котировки.
2025-02-23 00:41:37.867 | INFO     | api:get_stock_price:12 - Получена цена акции AAPL: 245.5500030517578
2025-02-23 00:41:37.946 | INFO     | handlers:get_quote:59 - Пользователь 413467341 запросил цену AAPL (stock).
2025-02-23 00:41:58.454 | INFO     | handlers:cmd_quotes:28 - Пользователь 413467341 запросил котировки.
2025-02-23 00:42:07.407 | ERROR    | api:get_stock_price:15 - Ошибка при получении цены акции GAZP: single positional indexer is out-of-bounds
2025-02-23 00:42:07.509 | INFO     | handlers:get_quote:59 - Пользователь 413467341 запросил цену GAZP (stock).
2025-02-23 00:42:29.125 | INFO     | handlers:cmd_quotes:28 - Пользователь 413467341 запросил котировки.
2025-02-23 00:42:34.902 | INFO     | api:get_stock_price:12 - Получена цена акции NVDA: 134.42999267578125
2025-02-23 00:42:34.980 | INFO     | handlers:get_quote:59 - Пользователь 413467341 запросил цену NVDA (stock).
2025-02-23 00:43:10.991 | INFO     | handlers:cmd_add_to_portfolio:79 - Пользователь 413467341 начал добавление актива в портфель.
2025-02-23 00:43:45.985 | INFO     | handlers:cmd_add_to_portfolio:79 - Пользователь 413467341 начал добавление актива в портфель.
2025-02-23 00:44:43.826 | INFO     | handlers:cmd_add_to_portfolio:79 - Пользователь 413467341 начал добавление актива в портфель.
2025-02-23 00:45:48.221 | INFO     | __main__:<module>:34 - Запуск бота...
2025-02-23 00:45:48.222 | INFO     | bot:setup_bot:19 - Инициализация бота...
2025-02-23 00:45:48.222 | INFO     | bot:setup_bot:21 - Хэндлеры зарегистрированы.
2025-02-23 00:45:48.223 | INFO     | scheduler:setup_scheduler:55 - Планировщик настроен.
2025-02-23 00:45:48.224 | INFO     | bot:on_startup:25 - Бот запущен.
2025-02-23 00:48:14.487 | INFO     | __main__:<module>:34 - Запуск бота...
2025-02-23 00:48:14.488 | INFO     | bot:setup_bot:19 - Инициализация бота...
2025-02-23 00:48:14.488 | INFO     | bot:setup_bot:21 - Хэндлеры зарегистрированы.
2025-02-23 00:48:14.489 | INFO     | scheduler:setup_scheduler:55 - Планировщик настроен.
2025-02-23 00:48:14.489 | INFO     | bot:on_startup:25 - Бот запущен.
2025-02-23 00:50:30.382 | INFO     | __main__:<module>:34 - Запуск бота...
2025-02-23 00:50:30.383 | INFO     | bot:setup_bot:19 - Инициализация бота...
2025-02-23 00:50:30.383 | INFO     | bot:setup_bot:21 - Хэндлеры зарегистрированы.
2025-02-23 00:50:30.384 | INFO     | scheduler:setup_scheduler:55 - Планировщик настроен.
2025-02-23 00:50:30.384 | INFO     | bot:on_startup:25 - Бот запущен.
2025-02-23 00:50:40.213 | INFO     | __main__:<module>:34 - Запуск бота...
2025-02-23 00:50:40.214 | INFO     | bot:setup_bot:19 - Инициализация бота...
2025-02-23 00:50:40.214 | INFO     | bot:setup_bot:21 - Хэндлеры зарегистрированы.
2025-02-23 00:50:40.215 | INFO     | scheduler:setup_scheduler:55 - Планировщик настроен.
2025-02-23 00:50:40.215 | INFO     | bot:on_startup:25 - Бот запущен.
2025-02-23 00:54:39.040 | INFO     | __main__:<module>:35 - Запуск бота...
2025-02-23 00:54:39.041 | INFO     | bot:setup_bot:20 - Инициализация бота...
2025-02-23 00:54:39.041 | INFO     | bot:setup_bot:22 - Хэндлеры зарегистрированы.
2025-02-23 00:54:39.042 | INFO     | scheduler:setup_scheduler:55 - Планировщик настроен.
2025-02-23 00:54:39.051 | INFO     | database:init_db:144 - База данных инициализирована.
2025-02-23 00:54:39.052 | INFO     | bot:on_startup:27 - Бот запущен.
2025-02-23 00:54:53.865 | INFO     | handlers:cmd_quotes:28 - Пользователь 413467341 запросил котировки.
2025-02-23 00:54:59.880 | INFO     | api:get_stock_price:12 - Получена цена акции AAPL: 245.5500030517578
2025-02-23 00:55:00.013 | INFO     | handlers:get_quote:59 - Пользователь 413467341 запросил цену AAPL (stock).
2025-02-23 00:55:04.051 | INFO     | handlers:cmd_add_to_portfolio:79 - Пользователь 413467341 начал добавление актива в портфель.
2025-02-23 00:55:40.225 | INFO     | scheduler:check_alerts:11 - Проверка алертов...
2025-02-23 00:56:26.426 | INFO     | handlers:cmd_quotes:28 - Пользователь 413467341 запросил котировки.
2025-02-23 00:57:22.774 | INFO     | __main__:<module>:35 - Запуск бота...
2025-02-23 00:57:22.774 | INFO     | bot:setup_bot:20 - Инициализация бота...
2025-02-23 00:57:22.774 | INFO     | bot:setup_bot:22 - Хэндлеры зарегистрированы.
2025-02-23 00:57:22.775 | INFO     | scheduler:setup_scheduler:55 - Планировщик настроен.
2025-02-23 00:57:22.777 | INFO     | database:init_db:144 - База данных инициализирована.
2025-02-23 00:57:22.777 | INFO     | bot:on_startup:27 - Бот запущен.
2025-02-23 00:57:32.021 | INFO     | handlers:cmd_start:20 - Пользователь 413467341 запустил бота.
2025-02-23 00:57:34.167 | INFO     | handlers:cmd_quotes:28 - Пользователь 413467341 запросил котировки.
2025-02-23 00:57:56.033 | INFO     | handlers:cmd_start:20 - Пользователь 413467341 запустил бота.
2025-02-23 00:57:57.246 | INFO     | handlers:cmd_quotes:28 - Пользователь 413467341 запросил котировки.
2025-02-23 00:58:05.362 | INFO     | api:get_stock_price:12 - Получена цена акции AAPL: 245.5500030517578
2025-02-23 00:58:05.566 | INFO     | handlers:get_quote:59 - Пользователь 413467341 запросил цену AAPL (stock).
2025-02-23 00:58:10.005 | INFO     | handlers:cmd_add_to_portfolio:79 - Пользователь 413467341 начал добавление актива в портфель.
2025-02-23 00:58:23.597 | INFO     | database:add_to_portfolio:50 - Актив AAPL добавлен в портфель пользователя 413467341.
2025-02-23 00:58:23.720 | INFO     | handlers:add_price:127 - Пользователь 413467341 добавил актив в портфель.
2025-02-23 00:58:27.354 | INFO     | handlers:cmd_portfolio:71 - Пользователь 413467341 запросил портфель.
2025-02-23 00:58:32.471 | INFO     | handlers:cmd_add_to_portfolio:79 - Пользователь 413467341 начал добавление актива в портфель.
2025-02-23 00:58:41.690 | ERROR    | api:get_crypto_price:36 - Ошибка при получении цены криптовалюты NVDA: binance does not have market symbol NVDA
2025-02-23 00:58:42.043 | INFO     | handlers:get_quote:59 - Пользователь 413467341 запросил цену NVDA (crypto).
2025-02-23 00:59:14.623 | INFO     | handlers:cmd_add_to_portfolio:79 - Пользователь 413467341 начал добавление актива в портфель.
2025-02-23 00:59:35.077 | INFO     | handlers:cmd_add_to_portfolio:79 - Пользователь 413467341 начал добавление актива в портфель.
2025-02-23 00:59:39.051 | INFO     | scheduler:check_alerts:11 - Проверка алертов...
2025-02-23 01:00:09.695 | INFO     | database:add_to_portfolio:50 - Актив TSLA добавлен в портфель пользователя 413467341.
2025-02-23 01:00:09.776 | INFO     | handlers:add_price:127 - Пользователь 413467341 добавил актив в портфель.
2025-02-23 01:00:13.544 | INFO     | handlers:cmd_portfolio:71 - Пользователь 413467341 запросил портфель.
2025-02-23 01:00:27.429 | INFO     | handlers:cmd_set_alert:137 - Пользователь 413467341 начал настройку алерта.
2025-02-23 01:00:57.414 | INFO     | database:add_alert:70 - Алерт для TSLA добавлен для пользователя 413467341.
2025-02-23 01:00:57.560 | INFO     | handlers:alert_condition:183 - Пользователь 413467341 установил алерт.
2025-02-23 01:01:08.183 | INFO     | handlers:cmd_calendar:194 - Пользователь 413467341 запросил календарь событий.
2025-02-23 01:04:39.053 | INFO     | scheduler:check_alerts:11 - Проверка алертов...
2025-02-23 01:04:39.061 | INFO     | scheduler:update_quotes:35 - Обновление котировок...
2025-02-23 10:19:39.051 | INFO     | scheduler:check_alerts:11 - Проверка алертов...
2025-02-23 10:24:39.056 | INFO     | scheduler:check_alerts:11 - Проверка алертов...
2025-02-23 10:24:39.062 | INFO     | scheduler:update_quotes:35 - Обновление котировок...
2025-02-23 10:29:39.045 | INFO     | scheduler:check_alerts:11 - Проверка алертов...
2025-02-23 10:34:39.053 | INFO     | scheduler:check_alerts:11 - Проверка алертов...
2025-02-23 10:34:39.060 | INFO     | scheduler:update_quotes:35 - Обновление котировок...
2025-02-23 10:39:39.045 | INFO     | scheduler:check_alerts:11 - Проверка алертов...
2025-02-23 10:44:39.044 | INFO     | scheduler:check_alerts:11 - Проверка алертов...
2025-02-23 10:44:39.051 | INFO     | scheduler:update_quotes:35 - Обновление котировок...
2025-02-23 10:49:39.054 | INFO     | scheduler:check_alerts:11 - Проверка алертов...
2025-02-23 10:54:39.042 | INFO     | scheduler:check_alerts:11 - Проверка алертов...
2025-02-23 10:54:39.045 | INFO     | scheduler:update_quotes:35 - Обновление котировок...
2025-02-23 10:59:39.054 | INFO     | scheduler:check_alerts:11 - Проверка алертов...
2025-02-23 11:01:43.301 | INFO     | __main__:<module>:35 - Запуск бота...
2025-02-23 11:01:43.302 | INFO     | bot:setup_bot:20 - Инициализация бота...
2025-02-23 11:01:43.302 | INFO     | bot:setup_bot:22 - Хэндлеры зарегистрированы.
2025-02-23 11:01:43.303 | INFO     | scheduler:setup_scheduler:55 - Планировщик настроен.
2025-02-23 11:01:43.306 | INFO     | database:init_db:144 - База данных инициализирована.
2025-02-23 11:01:43.306 | INFO     | bot:on_startup:27 - Бот запущен.
2025-02-23 11:01:57.390 | INFO     | handlers:cmd_start:20 - Пользователь 413467341 запустил бота.
2025-02-23 11:06:41.965 | INFO     | __main__:<module>:35 - Запуск бота...
2025-02-23 11:06:41.966 | INFO     | bot:setup_bot:20 - Инициализация бота...
2025-02-23 11:06:41.966 | INFO     | bot:setup_bot:22 - Хэндлеры зарегистрированы.
2025-02-23 11:06:41.967 | INFO     | scheduler:setup_scheduler:55 - Планировщик настроен.
2025-02-23 11:06:41.969 | INFO     | database:init_db:144 - База данных инициализирована.
2025-02-23 11:06:41.969 | INFO     | bot:on_startup:27 - Бот запущен.
2025-02-23 11:06:59.759 | INFO     | handlers:cmd_start:20 - Пользователь 413467341 запустил бота.
2025-02-23 11:08:40.812 | INFO     | __main__:<module>:35 - Запуск бота...
2025-02-23 11:08:40.813 | INFO     | bot:setup_bot:20 - Инициализация бота...
2025-02-23 11:08:40.813 | INFO     | bot:setup_bot:22 - Хэндлеры зарегистрированы.
2025-02-23 11:08:40.814 | INFO     | scheduler:setup_scheduler:55 - Планировщик настроен.
2025-02-23 11:08:40.818 | INFO     | database:init_db:144 - База данных инициализирована.
2025-02-23 11:08:40.818 | INFO     | bot:on_startup:27 - Бот запущен.
2025-02-23 11:08:44.375 | INFO     | handlers:cmd_start:20 - Пользователь 413467341 запустил бота.
2025-02-23 11:09:40.040 | INFO     | handlers:cmd_quotes:48 - Пользователь 413467341 запросил котировки.
2025-02-23 11:09:45.964 | INFO     | api:get_stock_price:12 - Получена цена акции AAPL: 245.5500030517578
2025-02-23 11:09:46.094 | INFO     | handlers:get_quote:79 - Пользователь 413467341 запросил цену AAPL (stock).
2025-02-23 11:09:50.957 | INFO     | handlers:cmd_start:20 - Пользователь 5695528909 запустил бота.
2025-02-23 11:09:54.111 | INFO     | handlers:cmd_portfolio:93 - Пользователь 5695528909 запросил портфель (пустой).
2025-02-23 11:10:13.403 | INFO     | handlers:cmd_add_to_portfolio:138 - Пользователь 5695528909 начал добавление актива в портфель.
2025-02-23 11:10:14.248 | INFO     | handlers:cmd_quotes:48 - Пользователь 413467341 запросил котировки.
2025-02-23 11:10:25.781 | INFO     | api:get_crypto_price:33 - Получена цена криптовалюты BTC/USDT: 96396.3
2025-02-23 11:10:25.965 | INFO     | handlers:get_quote:79 - Пользователь 413467341 запросил цену BTC/USDT (crypto).
2025-02-23 11:10:40.983 | INFO     | handlers:cmd_set_alert:196 - Пользователь 413467341 начал настройку алерта.
2025-02-23 11:10:45.152 | INFO     | database:add_to_portfolio:50 - Актив ETH/USDT добавлен в портфель пользователя 5695528909.
2025-02-23 11:10:45.254 | INFO     | handlers:add_price:186 - Пользователь 5695528909 добавил актив в портфель.
2025-02-23 11:10:55.586 | INFO     | database:add_alert:70 - Алерт для BTC/USDT добавлен для пользователя 413467341.
2025-02-23 11:10:55.907 | INFO     | handlers:alert_condition:242 - Пользователь 413467341 установил алерт.
2025-02-23 11:11:01.000 | INFO     | handlers:cmd_calendar:253 - Пользователь 413467341 запросил календарь событий.
2025-02-23 11:13:20.616 | INFO     | __main__:<module>:35 - Запуск бота...
2025-02-23 11:13:20.617 | INFO     | bot:setup_bot:20 - Инициализация бота...
2025-02-23 11:13:20.617 | INFO     | bot:setup_bot:22 - Хэндлеры зарегистрированы.
2025-02-23 11:13:20.618 | INFO     | scheduler:setup_scheduler:55 - Планировщик настроен.
2025-02-23 11:13:20.622 | INFO     | database:init_db:144 - База данных инициализирована.
2025-02-23 11:13:20.622 | INFO     | bot:on_startup:27 - Бот запущен.
2025-02-23 11:13:21.805 | ERROR    | api:get_stock_price:15 - Ошибка при получении цены акции 413467341: 'int' object has no attribute 'upper'
2025-02-23 11:13:21.806 | ERROR    | api:get_stock_price:15 - Ошибка при получении цены акции 413467341: 'int' object has no attribute 'upper'
2025-02-23 11:22:22.487 | INFO     | __main__:<module>:35 - Запуск бота...
2025-02-23 11:22:22.488 | INFO     | bot:setup_bot:20 - Инициализация бота...
2025-02-23 11:22:22.488 | INFO     | bot:setup_bot:22 - Хэндлеры зарегистрированы.
2025-02-23 11:22:22.489 | INFO     | scheduler:setup_scheduler:55 - Планировщик настроен.
2025-02-23 11:22:22.491 | INFO     | database:init_db:157 - База данных инициализирована.
2025-02-23 11:22:22.491 | INFO     | bot:on_startup:27 - Бот запущен.
2025-02-23 11:22:32.766 | INFO     | handlers:cmd_start:20 - Пользователь 413467341 запустил бота.
2025-02-23 11:22:51.931 | INFO     | handlers:cmd_quotes:48 - Пользователь 413467341 запросил котировки.
2025-02-23 11:22:56.485 | ERROR    | api:get_stock_price:19 - Ошибка при получении цены акции AAPL: name 'price' is not defined
2025-02-23 11:22:56.559 | INFO     | handlers:get_quote:79 - Пользователь 413467341 запросил цену AAPL (stock).
2025-02-23 11:23:08.881 | INFO     | handlers:cmd_quotes:48 - Пользователь 413467341 запросил котировки.
2025-02-23 11:23:11.385 | ERROR    | api:get_stock_price:19 - Ошибка при получении цены акции AAPL: name 'price' is not defined
2025-02-23 11:23:11.506 | INFO     | handlers:get_quote:79 - Пользователь 413467341 запросил цену AAPL (stock).
2025-02-23 11:23:15.376 | INFO     | handlers:cmd_quotes:48 - Пользователь 413467341 запросил котировки.
2025-02-23 11:23:19.493 | ERROR    | api:get_crypto_price:34 - Ошибка при получении цены криптовалюты BTC/USDT: name 'price' is not defined
2025-02-23 11:23:19.585 | INFO     | handlers:get_quote:79 - Пользователь 413467341 запросил цену BTC/USDT (crypto).
2025-02-23 11:25:39.499 | INFO     | __main__:<module>:35 - Запуск бота...
2025-02-23 11:25:39.500 | INFO     | bot:setup_bot:20 - Инициализация бота...
2025-02-23 11:25:39.500 | INFO     | bot:setup_bot:22 - Хэндлеры зарегистрированы.
2025-02-23 11:25:39.500 | INFO     | scheduler:setup_scheduler:55 - Планировщик настроен.
2025-02-23 11:25:39.502 | INFO     | database:init_db:157 - База данных инициализирована.
2025-02-23 11:25:39.502 | INFO     | bot:on_startup:27 - Бот запущен.
2025-02-23 11:25:46.299 | INFO     | handlers:cmd_start:20 - Пользователь 413467341 запустил бота.
2025-02-23 11:25:50.305 | INFO     | handlers:cmd_quotes:48 - Пользователь 413467341 запросил котировки.
2025-02-23 11:25:57.482 | ERROR    | api:get_stock_price:28 - Ошибка API: статус 429 для AAPL
2025-02-23 11:25:57.664 | INFO     | handlers:get_quote:79 - Пользователь 413467341 запросил цену AAPL (stock).
2025-02-23 11:26:07.501 | INFO     | handlers:cmd_quotes:48 - Пользователь 413467341 запросил котировки.
2025-02-23 11:26:12.577 | INFO     | api:get_crypto_price:82 - Цена криптовалюты BTC/USDT: 96333.26
2025-02-23 11:26:12.691 | INFO     | handlers:get_quote:79 - Пользователь 413467341 запросил цену BTC/USDT (crypto).
2025-02-23 11:26:21.102 | INFO     | handlers:cmd_quotes:48 - Пользователь 413467341 запросил котировки.
2025-02-23 11:26:24.407 | ERROR    | api:get_stock_price:28 - Ошибка API: статус 429 для AAPL
2025-02-23 11:26:24.562 | INFO     | handlers:get_quote:79 - Пользователь 413467341 запросил цену AAPL (stock).
2025-02-23 11:26:27.526 | INFO     | handlers:cmd_quotes:48 - Пользователь 413467341 запросил котировки.
2025-02-23 11:26:31.900 | ERROR    | api:get_stock_price:28 - Ошибка API: статус 429 для TSLA
2025-02-23 11:26:32.102 | INFO     | handlers:get_quote:79 - Пользователь 413467341 запросил цену TSLA (stock).
2025-02-23 11:32:11.341 | INFO     | __main__:<module>:35 - Запуск бота...
2025-02-23 11:32:11.342 | INFO     | bot:setup_bot:20 - Инициализация бота...
2025-02-23 11:32:11.342 | INFO     | bot:setup_bot:22 - Хэндлеры зарегистрированы.
2025-02-23 11:32:11.342 | INFO     | scheduler:setup_scheduler:55 - Планировщик настроен.
2025-02-23 11:32:11.345 | INFO     | database:init_db:157 - База данных инициализирована.
2025-02-23 11:32:11.345 | INFO     | bot:on_startup:27 - Бот запущен.
2025-02-23 11:32:22.617 | INFO     | handlers:cmd_start:20 - Пользователь 413467341 запустил бота.
2025-02-23 11:32:53.556 | INFO     | __main__:<module>:35 - Запуск бота...
2025-02-23 11:32:53.557 | INFO     | bot:setup_bot:20 - Инициализация бота...
2025-02-23 11:32:53.557 | INFO     | bot:setup_bot:22 - Хэндлеры зарегистрированы.
2025-02-23 11:32:53.558 | INFO     | scheduler:setup_scheduler:55 - Планировщик настроен.
2025-02-23 11:32:53.560 | INFO     | database:init_db:157 - База данных инициализирована.
2025-02-23 11:32:53.560 | INFO     | bot:on_startup:27 - Бот запущен.
2025-02-23 11:32:55.916 | INFO     | handlers:cmd_start:20 - Пользователь 413467341 запустил бота.
2025-02-23 11:36:38.884 | INFO     | __main__:<module>:35 - Запуск бота...
2025-02-23 11:36:38.885 | INFO     | bot:setup_bot:20 - Инициализация бота...
2025-02-23 11:36:38.885 | INFO     | bot:setup_bot:22 - Хэндлеры зарегистрированы.
2025-02-23 11:36:38.885 | INFO     | scheduler:setup_scheduler:55 - Планировщик настроен.
2025-02-23 11:36:38.888 | INFO     | database:init_db:157 - База данных инициализирована.
2025-02-23 11:36:38.888 | INFO     | bot:on_startup:27 - Бот запущен.
2025-02-23 11:36:41.980 | INFO     | handlers:cmd_start:20 - Пользователь 413467341 запустил бота.
2025-02-23 11:38:47.107 | INFO     | __main__:<module>:35 - Запуск бота...
2025-02-23 11:38:47.108 | INFO     | bot:setup_bot:20 - Инициализация бота...
2025-02-23 11:38:47.108 | INFO     | bot:setup_bot:22 - Хэндлеры зарегистрированы.
2025-02-23 11:38:47.108 | INFO     | scheduler:setup_scheduler:55 - Планировщик настроен.
2025-02-23 11:38:47.111 | INFO     | database:init_db:157 - База данных инициализирована.
2025-02-23 11:38:47.111 | INFO     | bot:on_startup:27 - Бот запущен.
2025-02-23 11:39:01.847 | INFO     | handlers:cmd_start:20 - Пользователь 413467341 запустил бота.
2025-02-23 11:39:03.369 | ERROR    | handlers:cmd_help:53 - Ошибка при отправке текста помощи: Telegram server says - Bad Request: can't parse entities: Can't find end of Italic entity at byte offset 845
2025-02-23 11:39:09.953 | ERROR    | handlers:cmd_help:53 - Ошибка при отправке текста помощи: Telegram server says - Bad Request: can't parse entities: Can't find end of Italic entity at byte offset 845
2025-02-23 11:39:51.555 | INFO     | __main__:<module>:35 - Запуск бота...
2025-02-23 11:39:51.556 | INFO     | bot:setup_bot:20 - Инициализация бота...
2025-02-23 11:39:51.556 | INFO     | bot:setup_bot:22 - Хэндлеры зарегистрированы.
2025-02-23 11:39:51.557 | INFO     | scheduler:setup_scheduler:55 - Планировщик настроен.
2025-02-23 11:39:51.559 | INFO     | database:init_db:157 - База данных инициализирована.
2025-02-23 11:39:51.559 | INFO     | bot:on_startup:27 - Бот запущен.
2025-02-23 11:39:57.186 | INFO     | handlers:cmd_start:20 - Пользователь 413467341 запустил бота.
2025-02-23 11:39:59.079 | ERROR    | handlers:cmd_help:46 - Ошибка при отправке текста помощи: Telegram server says - Bad Request: can't parse entities: Can't find end of the entity starting at byte offset 835
2025-02-23 11:41:01.382 | INFO     | __main__:<module>:35 - Запуск бота...
2025-02-23 11:41:01.383 | INFO     | bot:setup_bot:20 - Инициализация бота...
2025-02-23 11:41:01.383 | INFO     | bot:setup_bot:22 - Хэндлеры зарегистрированы.
2025-02-23 11:41:01.383 | INFO     | scheduler:setup_scheduler:55 - Планировщик настроен.
2025-02-23 11:41:01.385 | INFO     | database:init_db:157 - База данных инициализирована.
2025-02-23 11:41:01.385 | INFO     | bot:on_startup:27 - Бот запущен.
2025-02-23 11:41:05.144 | INFO     | handlers:cmd_start:20 - Пользователь 413467341 запустил бота.
2025-02-23 11:41:06.755 | ERROR    | handlers:cmd_help:47 - Ошибка при отправке текста помощи: Telegram server says - Bad Request: can't parse entities: Can't find end of Italic entity at byte offset 466
2025-02-23 11:41:58.133 | INFO     | __main__:<module>:35 - Запуск бота...
2025-02-23 11:41:58.134 | INFO     | bot:setup_bot:20 - Инициализация бота...
2025-02-23 11:41:58.134 | INFO     | bot:setup_bot:22 - Хэндлеры зарегистрированы.
2025-02-23 11:41:58.134 | INFO     | scheduler:setup_scheduler:55 - Планировщик настроен.
2025-02-23 11:41:58.137 | INFO     | database:init_db:157 - База данных инициализирована.
2025-02-23 11:41:58.137 | INFO     | bot:on_startup:27 - Бот запущен.
2025-02-23 11:42:01.823 | INFO     | handlers:cmd_start:20 - Пользователь 413467341 запустил бота.
2025-02-23 11:42:02.420 | ERROR    | handlers:cmd_help:47 - Ошибка при отправке текста помощи: name 'help_text' is not defined
2025-02-23 11:42:53.306 | INFO     | __main__:<module>:35 - Запуск бота...
2025-02-23 11:42:53.307 | INFO     | bot:setup_bot:20 - Инициализация бота...
2025-02-23 11:42:53.307 | INFO     | bot:setup_bot:22 - Хэндлеры зарегистрированы.
2025-02-23 11:42:53.307 | INFO     | scheduler:setup_scheduler:55 - Планировщик настроен.
2025-02-23 11:42:53.310 | INFO     | database:init_db:157 - База данных инициализирована.
2025-02-23 11:42:53.310 | INFO     | bot:on_startup:27 - Бот запущен.
2025-02-23 11:43:09.479 | INFO     | handlers:cmd_start:20 - Пользователь 413467341 запустил бота.
2025-02-23 11:43:44.323 | INFO     | __main__:<module>:35 - Запуск бота...
2025-02-23 11:43:44.324 | INFO     | bot:setup_bot:20 - Инициализация бота...
2025-02-23 11:43:44.324 | INFO     | bot:setup_bot:22 - Хэндлеры зарегистрированы.
2025-02-23 11:43:44.324 | INFO     | scheduler:setup_scheduler:55 - Планировщик настроен.
2025-02-23 11:43:44.326 | INFO     | database:init_db:157 - База данных инициализирована.
2025-02-23 11:43:44.326 | INFO     | bot:on_startup:27 - Бот запущен.
2025-02-23 11:43:47.146 | INFO     | handlers:cmd_start:20 - Пользователь 413467341 запустил бота.
2025-02-23 11:43:50.891 | INFO     | handlers:cmd_quotes:61 - Пользователь 413467341 запросил котировки.
2025-02-23 11:43:55.901 | ERROR    | api:get_stock_price:44 - Ошибка API: статус 429 для AAPL (Too Many Requests)
2025-02-23 11:44:02.017 | INFO     | handlers:cmd_quotes:61 - Пользователь 413467341 запросил котировки.
2025-02-23 11:44:06.691 | INFO     | api:get_crypto_price:116 - Цена криптовалюты BTC/USDT: 96345.99
2025-02-23 11:44:10.371 | INFO     | handlers:cmd_quotes:61 - Пользователь 413467341 запросил котировки.
2025-02-23 11:44:16.044 | INFO     | api:get_crypto_price:116 - Цена криптовалюты ETH/USDT: 2811.21
2025-02-23 11:44:21.481 | INFO     | handlers:cmd_quotes:61 - Пользователь 413467341 запросил котировки.
2025-02-23 11:44:27.480 | ERROR    | api:get_stock_price:44 - Ошибка API: статус 429 для TSLA (Too Many Requests)
2025-02-23 11:44:30.968 | INFO     | handlers:cmd_quotes:61 - Пользователь 413467341 запросил котировки.
2025-02-23 11:44:48.671 | ERROR    | api:get_stock_price:44 - Ошибка API: статус 429 для PLTR (Too Many Requests)
2025-02-23 11:44:54.410 | INFO     | handlers:cmd_quotes:61 - Пользователь 413467341 запросил котировки.
2025-02-23 11:44:58.838 | ERROR    | api:get_stock_price:44 - Ошибка API: статус 429 для NVDA (Too Many Requests)
2025-02-23 11:45:16.069 | INFO     | handlers:cmd_quotes:61 - Пользователь 413467341 запросил котировки.
2025-02-23 11:45:18.793 | ERROR    | api:get_stock_price:44 - Ошибка API: статус 429 для AMZN (Too Many Requests)
2025-02-23 11:45:23.479 | WARNING  | api:get_stock_price:35 - Недопустимый тикер акции: /ADD_TO_PORTFOLIO
2025-02-23 11:45:30.971 | WARNING  | api:get_stock_price:35 - Недопустимый тикер акции: /ADD_TO_PORTFOLIO
2025-02-23 11:45:34.326 | WARNING  | api:get_stock_price:35 - Недопустимый тикер акции: /CALENDAR
2025-02-23 11:45:52.514 | WARNING  | api:get_stock_price:35 - Недопустимый тикер акции: /ADD_ASSET
2025-02-23 11:45:55.351 | WARNING  | api:get_stock_price:35 - Недопустимый тикер акции: /REMOVE_ASSET
2025-02-23 11:45:57.204 | WARNING  | api:get_stock_price:35 - Недопустимый тикер акции: /PORTFOLIO
2025-02-23 11:45:58.635 | WARNING  | api:get_stock_price:35 - Недопустимый тикер акции: /MARKET
2025-02-23 11:46:14.592 | WARNING  | api:get_stock_price:35 - Недопустимый тикер акции: BTC/USDT
2025-02-23 11:46:27.839 | ERROR    | api:get_stock_price:44 - Ошибка API: статус 429 для AAPL (Too Many Requests)
2025-02-23 11:46:29.583 | ERROR    | api:get_stock_price:44 - Ошибка API: статус 429 для APPL (Too Many Requests)
2025-02-23 11:48:44.332 | INFO     | scheduler:check_alerts:11 - Проверка алертов...
2025-02-23 11:55:21.912 | INFO     | __main__:<module>:35 - Запуск бота...
2025-02-23 11:55:21.913 | INFO     | bot:setup_bot:20 - Инициализация бота...
2025-02-23 11:55:21.914 | INFO     | bot:setup_bot:22 - Хэндлеры зарегистрированы.
2025-02-23 11:55:21.914 | INFO     | scheduler:setup_scheduler:55 - Планировщик настроен.
2025-02-23 11:55:21.917 | INFO     | database:init_db:157 - База данных инициализирована.
2025-02-23 11:55:21.918 | INFO     | bot:on_startup:27 - Бот запущен.
2025-02-23 11:55:30.853 | INFO     | handlers:cmd_start:20 - Пользователь 413467341 запустил бота.
2025-02-23 11:55:36.867 | INFO     | handlers:cmd_quotes:61 - Пользователь 413467341 запросил котировки.
2025-02-23 11:55:43.328 | ERROR    | api:get_stock_price:72 - Ошибка при получении цены акции AAPL: 'APIConfig' object has no attribute 'ALPHA_VANTAGE_KEY'
2025-02-23 11:55:43.408 | INFO     | handlers:get_quote:120 - Пользователь 413467341 запросил цену AAPL (stock).
2025-02-23 11:56:55.826 | INFO     | __main__:<module>:35 - Запуск бота...
2025-02-23 11:56:55.827 | INFO     | bot:setup_bot:20 - Инициализация бота...
2025-02-23 11:56:55.828 | INFO     | bot:setup_bot:22 - Хэндлеры зарегистрированы.
2025-02-23 11:56:55.829 | INFO     | scheduler:setup_scheduler:55 - Планировщик настроен.
2025-02-23 11:56:55.833 | INFO     | database:init_db:157 - База данных инициализирована.
2025-02-23 11:56:55.834 | INFO     | bot:on_startup:27 - Бот запущен.
2025-02-23 11:57:06.312 | INFO     | handlers:cmd_quotes:61 - Пользователь 413467341 запросил котировки.
2025-02-23 11:57:10.870 | INFO     | api:get_stock_price:68 - Цена акции AAPL: 245.55
2025-02-23 11:57:10.957 | INFO     | handlers:get_quote:120 - Пользователь 413467341 запросил цену AAPL (stock).
2025-02-23 11:57:14.014 | INFO     | handlers:cmd_quotes:61 - Пользователь 413467341 запросил котировки.
2025-02-23 11:57:16.613 | INFO     | api:get_stock_price:68 - Цена акции TSLA: 337.8
2025-02-23 11:57:16.692 | INFO     | handlers:get_quote:120 - Пользователь 413467341 запросил цену TSLA (stock).
2025-02-23 11:57:19.071 | INFO     | handlers:cmd_quotes:61 - Пользователь 413467341 запросил котировки.
2025-02-23 11:57:22.763 | INFO     | api:get_stock_price:68 - Цена акции NVDA: 134.43
2025-02-23 11:57:22.886 | INFO     | handlers:get_quote:120 - Пользователь 413467341 запросил цену NVDA (stock).
2025-02-23 11:57:24.857 | INFO     | handlers:cmd_quotes:61 - Пользователь 413467341 запросил котировки.
2025-02-23 11:57:27.937 | ERROR    | api:get_stock_price:57 - Цена для GAZP не найдена в ответе API
2025-02-23 11:57:28.015 | INFO     | handlers:get_quote:120 - Пользователь 413467341 запросил цену GAZP (stock).
2025-02-23 11:57:40.245 | INFO     | handlers:cmd_add_to_portfolio:179 - Пользователь 413467341 начал добавление актива в портфель.
2025-02-23 11:57:46.031 | INFO     | api:get_stock_price:29 - Использована кэшированная цена для акции AAPL: 245.55
2025-02-23 11:57:46.111 | INFO     | handlers:get_quote:240 - Пользователь 413467341 запросил цену AAPL (stock).
2025-02-23 11:57:50.600 | INFO     | handlers:cmd_add_to_portfolio:179 - Пользователь 413467341 начал добавление актива в портфель.
2025-02-23 11:57:54.426 | INFO     | api:get_stock_price:29 - Использована кэшированная цена для акции AAPL: 245.55
2025-02-23 11:57:54.519 | INFO     | handlers:get_quote:240 - Пользователь 413467341 запросил цену AAPL (stock).
2025-02-23 11:58:30.691 | INFO     | __main__:<module>:35 - Запуск бота...
2025-02-23 11:58:30.692 | INFO     | bot:setup_bot:20 - Инициализация бота...
2025-02-23 11:58:30.692 | INFO     | bot:setup_bot:22 - Хэндлеры зарегистрированы.
2025-02-23 11:58:30.693 | INFO     | scheduler:setup_scheduler:55 - Планировщик настроен.
2025-02-23 11:58:30.697 | INFO     | database:init_db:157 - База данных инициализирована.
2025-02-23 11:58:30.698 | INFO     | bot:on_startup:27 - Бот запущен.
2025-02-23 12:02:55.234 | INFO     | __main__:<module>:35 - Запуск бота...
2025-02-23 12:02:55.235 | INFO     | bot:setup_bot:20 - Инициализация бота...
2025-02-23 12:02:55.235 | INFO     | bot:setup_bot:22 - Хэндлеры зарегистрированы.
2025-02-23 12:02:55.236 | INFO     | scheduler:setup_scheduler:55 - Планировщик настроен.
2025-02-23 12:02:55.240 | INFO     | database:init_db:159 - База данных инициализирована.
2025-02-23 12:02:55.240 | INFO     | bot:on_startup:27 - Бот запущен.
2025-02-23 12:03:11.150 | INFO     | api:get_stock_price:68 - Цена акции AAPL: 245.55
2025-02-23 12:03:11.842 | INFO     | api:get_stock_price:68 - Цена акции TSLA: 337.8
2025-02-23 12:03:11.922 | INFO     | handlers:cmd_portfolio:186 - Пользователь 413467341 запросил портфель.
2025-02-23 12:04:00.117 | INFO     | handlers:cmd_add_to_portfolio:194 - Пользователь 413467341 начал добавление актива в портфель.
2025-02-23 12:21:57.605 | INFO     | __main__:<module>:35 - Запуск бота...
2025-02-23 12:21:57.606 | INFO     | bot:setup_bot:20 - Инициализация бота...
2025-02-23 12:21:57.606 | INFO     | bot:setup_bot:22 - Хэндлеры зарегистрированы.
2025-02-23 12:21:57.606 | INFO     | scheduler:setup_scheduler:55 - Планировщик настроен.
2025-02-23 12:21:57.609 | INFO     | database:init_db:159 - База данных инициализирована.
2025-02-23 12:21:57.609 | INFO     | bot:on_startup:27 - Бот запущен.
2025-02-23 12:22:53.390 | INFO     | __main__:<module>:35 - Запуск бота...
2025-02-23 12:22:53.391 | INFO     | bot:setup_bot:20 - Инициализация бота...
2025-02-23 12:22:53.391 | INFO     | bot:setup_bot:22 - Хэндлеры зарегистрированы.
2025-02-23 12:22:53.391 | INFO     | scheduler:setup_scheduler:55 - Планировщик настроен.
2025-02-23 12:22:53.394 | INFO     | database:init_db:159 - База данных инициализирована.
2025-02-23 12:22:53.395 | INFO     | bot:on_startup:27 - Бот запущен.
2025-02-23 12:23:41.796 | INFO     | __main__:<module>:35 - Запуск бота...
2025-02-23 12:23:41.797 | INFO     | bot:setup_bot:20 - Инициализация бота...
2025-02-23 12:23:41.797 | INFO     | bot:setup_bot:22 - Хэндлеры зарегистрированы.
2025-02-23 12:23:41.798 | INFO     | scheduler:setup_scheduler:55 - Планировщик настроен.
2025-02-23 12:23:41.800 | INFO     | database:init_db:159 - База данных инициализирована.
2025-02-23 12:23:41.800 | INFO     | bot:on_startup:27 - Бот запущен.
2025-02-23 12:24:22.426 | INFO     | __main__:<module>:35 - Запуск бота...
2025-02-23 12:24:22.427 | INFO     | bot:setup_bot:20 - Инициализация бота...
2025-02-23 12:24:22.427 | INFO     | bot:setup_bot:22 - Хэндлеры зарегистрированы.
2025-02-23 12:24:22.427 | INFO     | scheduler:setup_scheduler:55 - Планировщик настроен.
2025-02-23 12:24:22.430 | INFO     | database:init_db:159 - База данных инициализирована.
2025-02-23 12:24:22.430 | INFO     | bot:on_startup:27 - Бот запущен.
2025-02-23 12:24:54.512 | INFO     | api:get_stock_price:69 - Цена акции AAPL: 245.55
2025-02-23 12:24:55.023 | INFO     | api:get_stock_price:69 - Цена акции TSLA: 337.8
2025-02-23 12:24:55.224 | INFO     | handlers:cmd_portfolio:186 - Пользователь 413467341 запросил портфель.
2025-02-23 12:25:17.196 | INFO     | api:get_stock_price:30 - Использована кэшированная цена для акции AAPL: 245.55
2025-02-23 12:25:17.197 | INFO     | api:get_stock_price:30 - Использована кэшированная цена для акции TSLA: 337.8
2025-02-23 12:25:17.491 | ERROR    | handlers:cmd_market:480 - Ошибка при отправке рыночных цен пользователю 413467341: Telegram server says - Bad Request: can't parse entities: Character '.' is reserved and must be escaped with the preceding '\'
2025-02-23 12:25:20.638 | INFO     | api:get_stock_price:30 - Использована кэшированная цена для акции AAPL: 245.55
2025-02-23 12:25:20.639 | INFO     | api:get_stock_price:30 - Использована кэшированная цена для акции TSLA: 337.8
2025-02-23 12:25:20.698 | ERROR    | handlers:cmd_market:480 - Ошибка при отправке рыночных цен пользователю 413467341: Telegram server says - Bad Request: can't parse entities: Character '.' is reserved and must be escaped with the preceding '\'
2025-02-23 12:28:16.308 | INFO     | __main__:<module>:35 - Запуск бота...
2025-02-23 12:28:16.309 | INFO     | bot:setup_bot:20 - Инициализация бота...
2025-02-23 12:28:16.309 | INFO     | bot:setup_bot:22 - Хэндлеры зарегистрированы.
2025-02-23 12:28:16.310 | INFO     | scheduler:setup_scheduler:55 - Планировщик настроен.
2025-02-23 12:28:16.313 | INFO     | database:init_db:159 - База данных инициализирована.
2025-02-23 12:28:16.313 | INFO     | bot:on_startup:27 - Бот запущен.
2025-02-23 12:28:20.497 | INFO     | api:get_stock_price:69 - Цена акции AAPL: 245.55
2025-02-23 12:28:20.804 | INFO     | api:get_stock_price:69 - Цена акции TSLA: 337.8
2025-02-23 12:28:20.806 | ERROR    | utils:format_portfolio:48 - Некорректное значение изменения для AAPL: 11.108597285067878
2025-02-23 12:28:20.806 | ERROR    | utils:format_portfolio:48 - Некорректное значение изменения для TSLA: 59.339622641509436
2025-02-23 12:28:21.060 | INFO     | handlers:cmd_portfolio:186 - Пользователь 413467341 запросил портфель.
2025-02-23 12:28:26.715 | INFO     | api:get_stock_price:30 - Использована кэшированная цена для акции AAPL: 245.55
2025-02-23 12:28:26.715 | INFO     | api:get_stock_price:30 - Использована кэшированная цена для акции TSLA: 337.8
2025-02-23 12:28:26.716 | ERROR    | utils:format_portfolio:48 - Некорректное значение изменения для AAPL: 11.108597285067878
2025-02-23 12:28:26.716 | ERROR    | utils:format_portfolio:48 - Некорректное значение изменения для TSLA: 59.339622641509436
2025-02-23 12:28:26.800 | INFO     | handlers:cmd_portfolio:186 - Пользователь 413467341 запросил портфель.
2025-02-23 12:28:30.159 | INFO     | api:get_stock_price:30 - Использована кэшированная цена для акции AAPL: 245.55
2025-02-23 12:28:30.159 | INFO     | api:get_stock_price:30 - Использована кэшированная цена для акции TSLA: 337.8
2025-02-23 12:28:30.159 | ERROR    | utils:format_portfolio:48 - Некорректное значение изменения для AAPL: 11.108597285067878
2025-02-23 12:28:30.159 | ERROR    | utils:format_portfolio:48 - Некорректное значение изменения для TSLA: 59.339622641509436
2025-02-23 12:28:30.217 | ERROR    | handlers:cmd_market:486 - Ошибка при отправке рыночных цен пользователю 413467341: Telegram server says - Bad Request: can't parse entities: Character '-' is reserved and must be escaped with the preceding '\'
2025-02-23 12:31:34.390 | INFO     | __main__:<module>:35 - Запуск бота...
2025-02-23 12:31:34.391 | INFO     | bot:setup_bot:20 - Инициализация бота...
2025-02-23 12:31:34.391 | INFO     | bot:setup_bot:22 - Хэндлеры зарегистрированы.
2025-02-23 12:31:34.392 | INFO     | scheduler:setup_scheduler:55 - Планировщик настроен.
2025-02-23 12:31:34.394 | INFO     | database:init_db:159 - База данных инициализирована.
2025-02-23 12:31:34.394 | INFO     | bot:on_startup:27 - Бот запущен.
2025-02-23 12:31:41.029 | INFO     | api:get_stock_price:69 - Цена акции AAPL: 245.55
2025-02-23 12:31:41.342 | INFO     | api:get_stock_price:69 - Цена акции TSLA: 337.8
2025-02-23 12:31:41.343 | ERROR    | utils:format_portfolio:49 - Ошибка при форматировании процента изменения для AAPL: Sign not allowed in string format specifier
2025-02-23 12:31:41.343 | ERROR    | utils:format_portfolio:49 - Ошибка при форматировании процента изменения для TSLA: Sign not allowed in string format specifier
2025-02-23 12:31:41.649 | INFO     | handlers:cmd_portfolio:186 - Пользователь 413467341 запросил портфель.
2025-02-23 12:31:49.858 | INFO     | api:get_stock_price:30 - Использована кэшированная цена для акции AAPL: 245.55
2025-02-23 12:31:49.859 | INFO     | api:get_stock_price:30 - Использована кэшированная цена для акции TSLA: 337.8
2025-02-23 12:31:49.859 | ERROR    | utils:format_portfolio:49 - Ошибка при форматировании процента изменения для AAPL: Sign not allowed in string format specifier
2025-02-23 12:31:49.859 | ERROR    | utils:format_portfolio:49 - Ошибка при форматировании процента изменения для TSLA: Sign not allowed in string format specifier
2025-02-23 12:31:49.947 | INFO     | handlers:cmd_market:484 - Пользователь 413467341 запросил рыночные цены активов.
2025-02-23 12:31:54.934 | INFO     | api:get_stock_price:30 - Использована кэшированная цена для акции AAPL: 245.55
2025-02-23 12:31:54.934 | INFO     | api:get_stock_price:30 - Использована кэшированная цена для акции TSLA: 337.8
2025-02-23 12:31:54.934 | ERROR    | utils:format_portfolio:49 - Ошибка при форматировании процента изменения для AAPL: Sign not allowed in string format specifier
2025-02-23 12:31:54.934 | ERROR    | utils:format_portfolio:49 - Ошибка при форматировании процента изменения для TSLA: Sign not allowed in string format specifier
2025-02-23 12:31:55.078 | INFO     | handlers:cmd_market:484 - Пользователь 413467341 запросил рыночные цены активов.
2025-02-23 12:36:34.395 | INFO     | scheduler:check_alerts:11 - Проверка алертов...
2025-02-23 12:38:46.952 | INFO     | __main__:<module>:35 - Запуск бота...
2025-02-23 12:38:46.953 | INFO     | bot:setup_bot:20 - Инициализация бота...
2025-02-23 12:38:46.953 | INFO     | bot:setup_bot:22 - Хэндлеры зарегистрированы.
2025-02-23 12:38:46.954 | INFO     | scheduler:setup_scheduler:55 - Планировщик настроен.
2025-02-23 12:38:46.956 | INFO     | database:init_db:159 - База данных инициализирована.
2025-02-23 12:38:46.956 | INFO     | bot:on_startup:27 - Бот запущен.
2025-02-23 12:38:54.791 | INFO     | api:get_stock_price:69 - Цена акции AAPL: 245.55
2025-02-23 12:38:55.061 | INFO     | api:get_stock_price:69 - Цена акции TSLA: 337.8
2025-02-23 12:38:55.063 | ERROR    | utils:format_portfolio:46 - Ошибка при форматировании процента изменения для AAPL: Sign not allowed in string format specifier
2025-02-23 12:38:55.063 | ERROR    | utils:format_portfolio:46 - Ошибка при форматировании процента изменения для TSLA: Sign not allowed in string format specifier
2025-02-23 12:38:55.434 | INFO     | handlers:cmd_portfolio:186 - Пользователь 413467341 запросил портфель.
2025-02-23 12:38:59.859 | INFO     | api:get_stock_price:30 - Использована кэшированная цена для акции AAPL: 245.55
2025-02-23 12:38:59.859 | INFO     | api:get_stock_price:30 - Использована кэшированная цена для акции TSLA: 337.8
2025-02-23 12:39:00.016 | INFO     | handlers:cmd_market:486 - Пользователь 413467341 запросил рыночные цены активов.
2025-02-23 12:43:46.954 | INFO     | scheduler:check_alerts:11 - Проверка алертов...
2025-02-23 12:46:30.341 | INFO     | __main__:<module>:35 - Запуск бота...
2025-02-23 12:46:30.342 | INFO     | bot:setup_bot:20 - Инициализация бота...
2025-02-23 12:46:30.342 | INFO     | bot:setup_bot:22 - Хэндлеры зарегистрированы.
2025-02-23 12:46:30.343 | INFO     | scheduler:setup_scheduler:55 - Планировщик настроен.
2025-02-23 12:46:30.346 | INFO     | database:init_db:159 - База данных инициализирована.
2025-02-23 12:46:30.346 | INFO     | bot:on_startup:27 - Бот запущен.
2025-02-23 12:46:36.364 | INFO     | api:get_stock_price:69 - Цена акции AAPL: 245.55
2025-02-23 12:46:36.717 | INFO     | api:get_stock_price:69 - Цена акции TSLA: 337.8
2025-02-23 12:46:36.996 | INFO     | handlers:cmd_portfolio:186 - Пользователь 413467341 запросил портфель.
2025-02-23 12:46:41.666 | INFO     | api:get_stock_price:30 - Использована кэшированная цена для акции AAPL: 245.55
2025-02-23 12:46:41.667 | INFO     | api:get_stock_price:30 - Использована кэшированная цена для акции TSLA: 337.8
2025-02-23 12:46:41.865 | INFO     | handlers:cmd_portfolio:186 - Пользователь 413467341 запросил портфель.
2025-02-23 12:46:44.994 | INFO     | api:get_stock_price:30 - Использована кэшированная цена для акции AAPL: 245.55
2025-02-23 12:46:44.994 | INFO     | api:get_stock_price:30 - Использована кэшированная цена для акции TSLA: 337.8
2025-02-23 12:46:45.075 | ERROR    | handlers:cmd_market:488 - Ошибка при отправке рыночных цен пользователю 413467341: Telegram server says - Bad Request: can't parse entities: Character '|' is reserved and must be escaped with the preceding '\'
2025-02-23 12:46:48.722 | INFO     | api:get_stock_price:30 - Использована кэшированная цена для акции AAPL: 245.55
2025-02-23 12:46:48.723 | INFO     | api:get_stock_price:30 - Использована кэшированная цена для акции TSLA: 337.8
2025-02-23 12:46:48.787 | ERROR    | handlers:cmd_market:488 - Ошибка при отправке рыночных цен пользователю 413467341: Telegram server says - Bad Request: can't parse entities: Character '|' is reserved and must be escaped with the preceding '\'
2025-02-23 12:48:57.250 | INFO     | __main__:<module>:35 - Запуск бота...
2025-02-23 12:48:57.251 | INFO     | bot:setup_bot:20 - Инициализация бота...
2025-02-23 12:48:57.251 | INFO     | bot:setup_bot:22 - Хэндлеры зарегистрированы.
2025-02-23 12:48:57.251 | INFO     | scheduler:setup_scheduler:55 - Планировщик настроен.
2025-02-23 12:48:57.254 | INFO     | database:init_db:159 - База данных инициализирована.
2025-02-23 12:48:57.254 | INFO     | bot:on_startup:27 - Бот запущен.
2025-02-23 12:57:21.206 | INFO     | __main__:<module>:35 - Запуск бота...
2025-02-23 12:57:21.207 | INFO     | bot:setup_bot:20 - Инициализация бота...
2025-02-23 12:57:21.207 | INFO     | bot:setup_bot:22 - Хэндлеры зарегистрированы.
2025-02-23 12:57:21.208 | INFO     | scheduler:setup_scheduler:55 - Планировщик настроен.
2025-02-23 12:57:21.210 | INFO     | database:init_db:159 - База данных инициализирована.
2025-02-23 12:57:21.210 | INFO     | bot:on_startup:27 - Бот запущен.
2025-02-23 12:57:27.520 | INFO     | api:get_stock_price:69 - Цена акции AAPL: 245.55
2025-02-23 12:57:27.990 | INFO     | api:get_stock_price:69 - Цена акции TSLA: 337.8
2025-02-23 12:57:47.307 | INFO     | bot:on_shutdown:31 - Бот остановлен.
2025-02-23 12:57:54.303 | INFO     | __main__:<module>:35 - Запуск бота...
2025-02-23 12:57:54.304 | INFO     | bot:setup_bot:20 - Инициализация бота...
2025-02-23 12:57:54.304 | INFO     | bot:setup_bot:22 - Хэндлеры зарегистрированы.
2025-02-23 12:57:54.305 | INFO     | scheduler:setup_scheduler:55 - Планировщик настроен.
2025-02-23 12:57:54.307 | INFO     | database:init_db:159 - База данных инициализирована.
2025-02-23 12:57:54.308 | INFO     | bot:on_startup:27 - Бот запущен.
2025-02-23 12:57:57.810 | INFO     | api:get_stock_price:69 - Цена акции AAPL: 245.55
2025-02-23 12:57:58.131 | INFO     | api:get_stock_price:69 - Цена акции TSLA: 337.8
2025-02-23 13:02:54.318 | INFO     | scheduler:check_alerts:11 - Проверка алертов...
2025-02-23 13:06:56.668 | INFO     | __main__:<module>:35 - Запуск бота...
2025-02-23 13:06:56.669 | INFO     | bot:setup_bot:20 - Инициализация бота...
2025-02-23 13:06:56.669 | INFO     | bot:setup_bot:22 - Хэндлеры зарегистрированы.
2025-02-23 13:06:56.669 | INFO     | scheduler:setup_scheduler:55 - Планировщик настроен.
2025-02-23 13:06:56.672 | INFO     | database:init_db:159 - База данных инициализирована.
2025-02-23 13:06:56.672 | INFO     | bot:on_startup:27 - Бот запущен.
2025-02-23 13:07:09.765 | INFO     | api:get_stock_price:69 - Цена акции AAPL: 245.55
2025-02-23 13:07:10.307 | INFO     | api:get_stock_price:69 - Цена акции TSLA: 337.8
2025-02-23 13:07:14.537 | INFO     | api:get_stock_price:30 - Использована кэшированная цена для акции AAPL: 245.55
2025-02-23 13:07:14.537 | INFO     | api:get_stock_price:30 - Использована кэшированная цена для акции TSLA: 337.8
2025-02-23 13:07:14.604 | ERROR    | handlers:cmd_market:491 - Ошибка при отправке рыночных цен пользователю 413467341: Telegram server says - Bad Request: can't parse entities: Character '|' is reserved and must be escaped with the preceding '\'
2025-02-23 13:07:22.114 | INFO     | api:get_stock_price:30 - Использована кэшированная цена для акции AAPL: 245.55
2025-02-23 13:07:22.114 | INFO     | api:get_stock_price:30 - Использована кэшированная цена для акции TSLA: 337.8
2025-02-23 13:07:22.182 | ERROR    | handlers:cmd_market:491 - Ошибка при отправке рыночных цен пользователю 413467341: Telegram server says - Bad Request: can't parse entities: Character '|' is reserved and must be escaped with the preceding '\'
2025-02-23 13:11:18.030 | INFO     | __main__:<module>:35 - Запуск бота...
2025-02-23 13:11:18.031 | INFO     | bot:setup_bot:20 - Инициализация бота...
2025-02-23 13:11:18.031 | INFO     | bot:setup_bot:22 - Хэндлеры зарегистрированы.
2025-02-23 13:11:18.032 | INFO     | scheduler:setup_scheduler:55 - Планировщик настроен.
2025-02-23 13:11:18.034 | INFO     | database:init_db:159 - База данных инициализирована.
2025-02-23 13:11:18.034 | INFO     | bot:on_startup:27 - Бот запущен.
2025-02-23 13:11:25.060 | INFO     | __main__:<module>:35 - Запуск бота...
2025-02-23 13:11:25.062 | INFO     | bot:setup_bot:20 - Инициализация бота...
2025-02-23 13:11:25.062 | INFO     | bot:setup_bot:22 - Хэндлеры зарегистрированы.
2025-02-23 13:11:25.062 | INFO     | scheduler:setup_scheduler:55 - Планировщик настроен.
2025-02-23 13:11:25.066 | INFO     | database:init_db:159 - База данных инициализирована.
2025-02-23 13:11:25.066 | INFO     | bot:on_startup:27 - Бот запущен.
2025-02-23 13:11:59.528 | INFO     | api:get_stock_price:69 - Цена акции AAPL: 245.55
2025-02-23 13:12:00.060 | INFO     | api:get_stock_price:69 - Цена акции TSLA: 337.8
2025-02-23 13:12:00.152 | INFO     | handlers:cmd_portfolio:166 - Пользователь 413467341 запросил портфель.
2025-02-23 13:12:05.875 | INFO     | api:get_stock_price:30 - Использована кэшированная цена для акции AAPL: 245.55
2025-02-23 13:12:05.875 | INFO     | api:get_stock_price:30 - Использована кэшированная цена для акции TSLA: 337.8
2025-02-23 13:12:05.995 | INFO     | handlers:cmd_market:489 - Пользователь 413467341 запросил рыночные цены активов.
2025-02-23 13:12:34.700 | INFO     | handlers:cmd_add_to_portfolio:174 - Пользователь 413467341 начал добавление актива в портфель.
2025-02-23 13:12:41.344 | INFO     | api:get_crypto_price:122 - Цена криптовалюты BTC/USDT: 96256.0
2025-02-23 13:12:48.558 | INFO     | database:add_to_portfolio:50 - Актив BTC/USDT добавлен в портфель пользователя 413467341.
2025-02-23 13:12:48.637 | INFO     | handlers:add_price:277 - Пользователь 413467341 добавил актив в портфель.
2025-02-23 13:12:52.107 | INFO     | handlers:cmd_add_to_portfolio:174 - Пользователь 413467341 начал добавление актива в портфель.
2025-02-23 13:13:00.063 | INFO     | api:get_crypto_price:122 - Цена криптовалюты ETH/USDT: 2810.7
2025-02-23 13:13:06.452 | INFO     | database:add_to_portfolio:50 - Актив ETH/USDT добавлен в портфель пользователя 413467341.
2025-02-23 13:13:06.536 | INFO     | handlers:add_price:277 - Пользователь 413467341 добавил актив в портфель.
2025-02-23 13:13:12.538 | INFO     | api:get_stock_price:30 - Использована кэшированная цена для акции AAPL: 245.55
2025-02-23 13:13:12.538 | INFO     | api:get_crypto_price:88 - Использована кэшированная цена для криптовалюты BTC/USDT: 96256.0
2025-02-23 13:13:12.538 | INFO     | api:get_crypto_price:88 - Использована кэшированная цена для криптовалюты ETH/USDT: 2810.7
2025-02-23 13:13:12.539 | INFO     | api:get_stock_price:30 - Использована кэшированная цена для акции TSLA: 337.8
2025-02-23 13:13:12.621 | INFO     | handlers:cmd_portfolio:166 - Пользователь 413467341 запросил портфель.
2025-02-23 13:13:47.157 | INFO     | handlers:cmd_set_alert:287 - Пользователь 413467341 начал настройку алерта.
2025-02-23 13:16:25.067 | INFO     | scheduler:check_alerts:11 - Проверка алертов...
2025-02-23 13:33:26.159 | INFO     | __main__:<module>:49 - Запуск бота...
2025-02-23 13:33:26.160 | INFO     | bot:setup_bot:20 - Инициализация бота...
2025-02-23 13:33:26.160 | INFO     | bot:setup_bot:22 - Хэндлеры зарегистрированы.
2025-02-23 13:33:26.161 | INFO     | scheduler:setup_scheduler:55 - Планировщик настроен.
2025-02-23 13:33:26.163 | INFO     | database:init_db:159 - База данных инициализирована.
2025-02-23 13:33:26.163 | INFO     | bot:on_startup:27 - Бот запущен.
2025-02-23 13:43:16.972 | INFO     | __main__:<module>:49 - Запуск бота...
2025-02-23 13:43:16.973 | INFO     | bot:setup_bot:20 - Инициализация бота...
2025-02-23 13:43:16.973 | INFO     | bot:setup_bot:22 - Хэндлеры зарегистрированы.
2025-02-23 13:43:16.974 | INFO     | scheduler:setup_scheduler:55 - Планировщик настроен.
2025-02-23 13:43:16.976 | INFO     | database:init_db:159 - База данных инициализирована.
2025-02-23 13:43:16.977 | INFO     | bot:on_startup:27 - Бот запущен.
2025-02-23 13:43:32.483 | INFO     | handlers:cmd_start:20 - Пользователь 413467341 запустил бота.
2025-02-23 13:43:35.765 | INFO     | handlers:cmd_quotes:64 - Пользователь 413467341 запросил котировки.
2025-02-23 13:43:43.154 | INFO     | api:get_stock_price:69 - Цена акции PLTR: 101.35
2025-02-23 13:43:43.239 | INFO     | handlers:get_quote:123 - Пользователь 413467341 запросил цену PLTR (stock).
2025-02-23 13:43:47.781 | INFO     | api:get_stock_price:69 - Цена акции AAPL: 245.55
2025-02-23 13:43:48.160 | INFO     | api:get_crypto_price:122 - Цена криптовалюты BTC/USDT: 96140.27
2025-02-23 13:43:48.539 | INFO     | api:get_crypto_price:122 - Цена криптовалюты ETH/USDT: 2807.53
2025-02-23 13:43:49.037 | ERROR    | api:get_stock_price:58 - Цена для TSLA не найдена в ответе API
2025-02-23 13:43:49.038 | WARNING  | api:get_stock_price_with_retry:157 - Попытка 1/3 не удалась, ждем 60 секунд
2025-02-23 13:44:12.146 | INFO     | api:get_stock_price:30 - Использована кэшированная цена для акции AAPL: 245.55
2025-02-23 13:44:12.146 | INFO     | api:get_crypto_price:88 - Использована кэшированная цена для криптовалюты BTC/USDT: 96140.27
2025-02-23 13:44:12.147 | INFO     | api:get_crypto_price:88 - Использована кэшированная цена для криптовалюты ETH/USDT: 2807.53
2025-02-23 13:44:12.436 | ERROR    | api:get_stock_price:58 - Цена для TSLA не найдена в ответе API
2025-02-23 13:44:12.437 | WARNING  | api:get_stock_price_with_retry:157 - Попытка 1/3 не удалась, ждем 60 секунд
2025-02-23 13:44:49.585 | ERROR    | api:get_stock_price:58 - Цена для TSLA не найдена в ответе API
2025-02-23 13:44:49.586 | WARNING  | api:get_stock_price_with_retry:157 - Попытка 2/3 не удалась, ждем 60 секунд
2025-02-23 13:45:12.739 | ERROR    | api:get_stock_price:58 - Цена для TSLA не найдена в ответе API
2025-02-23 13:45:12.740 | WARNING  | api:get_stock_price_with_retry:157 - Попытка 2/3 не удалась, ждем 60 секунд
2025-02-23 13:45:49.853 | ERROR    | api:get_stock_price:58 - Цена для TSLA не найдена в ответе API
2025-02-23 13:45:50.096 | INFO     | handlers:cmd_portfolio:168 - Пользователь 413467341 запросил портфель.
2025-02-23 13:46:13.286 | ERROR    | api:get_stock_price:58 - Цена для TSLA не найдена в ответе API
2025-02-23 13:46:13.541 | INFO     | handlers:cmd_portfolio:168 - Пользователь 413467341 запросил портфель.
2025-02-23 13:48:16.985 | INFO     | scheduler:check_alerts:11 - Проверка алертов...
2025-02-23 13:51:30.675 | INFO     | __main__:<module>:49 - Запуск бота...
2025-02-23 13:51:30.676 | INFO     | bot:setup_bot:20 - Инициализация бота...
2025-02-23 13:51:30.676 | INFO     | bot:setup_bot:22 - Хэндлеры зарегистрированы.
2025-02-23 13:51:30.676 | INFO     | scheduler:setup_scheduler:55 - Планировщик настроен.
2025-02-23 13:51:30.679 | INFO     | database:init_db:159 - База данных инициализирована.
2025-02-23 13:51:30.679 | INFO     | bot:on_startup:27 - Бот запущен.
2025-02-23 13:56:30.689 | INFO     | scheduler:check_alerts:11 - Проверка алертов...
2025-02-23 13:59:26.158 | INFO     | __main__:<module>:49 - Запуск бота...
2025-02-23 13:59:26.159 | INFO     | bot:setup_bot:20 - Инициализация бота...
2025-02-23 13:59:26.159 | INFO     | bot:setup_bot:22 - Хэндлеры зарегистрированы.
2025-02-23 13:59:26.160 | INFO     | scheduler:setup_scheduler:55 - Планировщик настроен.
2025-02-23 13:59:26.162 | INFO     | database:init_db:159 - База данных инициализирована.
2025-02-23 13:59:26.163 | INFO     | bot:on_startup:27 - Бот запущен.
2025-02-23 13:59:43.009 | ERROR    | api:get_stock_price:58 - Цена для AAPL не найдена в ответе API
2025-02-23 13:59:43.010 | WARNING  | api:get_stock_price_with_retry:157 - Попытка 1/3 не удалась, ждем 60 секунд
2025-02-23 14:00:43.299 | ERROR    | api:get_stock_price:58 - Цена для AAPL не найдена в ответе API
2025-02-23 14:00:43.299 | WARNING  | api:get_stock_price_with_retry:157 - Попытка 2/3 не удалась, ждем 60 секунд
2025-02-23 14:01:43.584 | ERROR    | api:get_stock_price:58 - Цена для AAPL не найдена в ответе API
2025-02-23 14:01:43.973 | INFO     | api:get_crypto_price:122 - Цена криптовалюты BTC/USDT: 96160.0
2025-02-23 14:01:44.383 | INFO     | api:get_crypto_price:122 - Цена криптовалюты ETH/USDT: 2806.51
2025-02-23 14:01:44.667 | ERROR    | api:get_stock_price:58 - Цена для TSLA не найдена в ответе API
2025-02-23 14:01:44.667 | WARNING  | api:get_stock_price_with_retry:157 - Попытка 1/3 не удалась, ждем 60 секунд
2025-02-23 14:02:44.948 | ERROR    | api:get_stock_price:58 - Цена для TSLA не найдена в ответе API
2025-02-23 14:02:44.948 | WARNING  | api:get_stock_price_with_retry:157 - Попытка 2/3 не удалась, ждем 60 секунд
2025-02-23 14:03:45.675 | ERROR    | api:get_stock_price:58 - Цена для TSLA не найдена в ответе API
2025-02-23 14:04:26.164 | INFO     | scheduler:check_alerts:11 - Проверка алертов...
2025-02-23 15:05:56.595 | INFO     | __main__:<module>:49 - Запуск бота...
2025-02-23 15:05:56.595 | INFO     | bot:setup_bot:20 - Инициализация бота...
2025-02-23 15:05:56.595 | INFO     | bot:setup_bot:22 - Хэндлеры зарегистрированы.
2025-02-23 15:05:56.597 | INFO     | scheduler:setup_scheduler:55 - Планировщик настроен.
2025-02-23 15:05:56.601 | INFO     | database:init_db:159 - База данных инициализирована.
2025-02-23 15:05:56.601 | INFO     | bot:on_startup:27 - Бот запущен.
2025-02-23 15:07:26.702 | INFO     | __main__:<module>:49 - Запуск бота...
2025-02-23 15:07:26.703 | INFO     | bot:setup_bot:20 - Инициализация бота...
2025-02-23 15:07:26.703 | INFO     | bot:setup_bot:22 - Хэндлеры зарегистрированы.
2025-02-23 15:07:26.703 | INFO     | scheduler:setup_scheduler:55 - Планировщик настроен.
2025-02-23 15:07:26.707 | INFO     | database:init_db:159 - База данных инициализирована.
2025-02-23 15:07:26.707 | INFO     | bot:on_startup:27 - Бот запущен.
2025-02-23 15:07:32.522 | INFO     | handlers:cmd_quotes:64 - Пользователь 413467341 запросил котировки.
2025-02-23 15:10:38.599 | INFO     | __main__:<module>:49 - Запуск бота...
2025-02-23 15:10:38.599 | INFO     | bot:setup_bot:20 - Инициализация бота...
2025-02-23 15:10:38.600 | INFO     | bot:setup_bot:22 - Хэндлеры зарегистрированы.
2025-02-23 15:10:38.600 | INFO     | scheduler:setup_scheduler:55 - Планировщик настроен.
2025-02-23 15:10:38.603 | INFO     | database:init_db:159 - База данных инициализирована.
2025-02-23 15:10:38.603 | INFO     | bot:on_startup:27 - Бот запущен.
2025-02-23 15:10:42.151 | INFO     | handlers:cmd_quotes:64 - Пользователь 413467341 запросил котировки.
2025-02-23 15:10:55.583 | INFO     | bot:on_shutdown:31 - Бот остановлен.
2025-02-23 15:12:00.995 | INFO     | __main__:<module>:49 - Запуск бота...
2025-02-23 15:12:00.996 | INFO     | bot:setup_bot:20 - Инициализация бота...
2025-02-23 15:12:00.996 | INFO     | bot:setup_bot:22 - Хэндлеры зарегистрированы.
2025-02-23 15:12:00.997 | INFO     | scheduler:setup_scheduler:55 - Планировщик настроен.
2025-02-23 15:12:01.000 | INFO     | database:init_db:159 - База данных инициализирована.
2025-02-23 15:12:01.000 | INFO     | bot:on_startup:27 - Бот запущен.
2025-02-23 15:12:08.079 | INFO     | handlers:cmd_start:20 - Пользователь 413467341 запустил бота.
